#
# A fatal error has been detected by the Java Runtime Environment:
#
#  Internal Error (javaClasses.cpp:129), pid=2908, tid=5304
#  fatal error: Invalid layout of preloaded class
#
# JRE version: 7.0_13-b20
# Java VM: Java HotSpot(TM) Client VM (23.7-b01 mixed mode windows-x86 )
# Failed to write core dump. Minidumps are not enabled by default on client versions of Windows
#
# If you would like to submit a bug report, please visit:
#   http://bugreport.sun.com/bugreport/crash.jsp
#

---------------  T H R E A D  ---------------

Current thread (0x0053b400):  JavaThread "Unknown thread" [_thread_in_vm, id=5304, stack(0x00d70000,0x00dc0000)]

Stack: [0x00d70000,0x00dc0000],  sp=0x00dbf548,  free space=317k
Native frames: (J=compiled Java code, j=interpreted, Vv=VM code, C=native code)
V  [jvm.dll+0x16f261]
V  [jvm.dll+0x1693d6]
V  [jvm.dll+0x2079f]
V  [jvm.dll+0x20826]
V  [jvm.dll+0x2e5bd]
V  [jvm.dll+0x2e869]
V  [jvm.dll+0x77ba1]
V  [jvm.dll+0x77f5b]
V  [jvm.dll+0x1290e1]
V  [jvm.dll+0x149b3a]
V  [jvm.dll+0xa98df]
C  [javaw.exe+0x13ca]
C  [javaw.exe+0x1e3c]
C  [javaw.exe+0xa5a1]
C  [javaw.exe+0xa62b]
C  [kernel32.dll+0x4ed6c]  BaseThreadInitThunk+0x12
C  [ntdll.dll+0x6377b]  RtlInitializeExceptionChain+0xef
C  [ntdll.dll+0x6374e]  RtlInitializeExceptionChain+0xc2


---------------  P R O C E S S  ---------------

Java Threads: ( => current thread )

Other Threads:

=>0x0053b400 (exited) JavaThread "Unknown thread" [_thread_in_vm, id=5304, stack(0x00d70000,0x00dc0000)]

VM state:not at safepoint (not fully initialized)

VM Mutex/Monitor currently owned by a thread: None

GC Heap History (0 events):
No events

Deoptimization events (0 events):
No events

Internal exceptions (0 events):
No events

Events (10 events):
Event: 0.029 loading class 0x005569a8 done
Event: 0.029 loading class 0x0053fbb8 done
Event: 0.029 loading class 0x0053fb90
Event: 0.029 loading class 0x00591da0
Event: 0.029 loading class 0x00591da0 done
Event: 0.029 loading class 0x00591dd8
Event: 0.029 loading class 0x00591dd8 done
Event: 0.029 loading class 0x00587300
Event: 0.029 loading class 0x00587300 done
Event: 0.029 loading class 0x0053fb90 done


Dynamic libraries:
0x00f50000 - 0x00f7f000 	C:\Program Files\Java\jre7\bin\javaw.exe
0x76f80000 - 0x770bc000 	C:\Windows\SYSTEM32\ntdll.dll
0x76270000 - 0x76344000 	C:\Windows\system32\kernel32.dll
0x75350000 - 0x7539b000 	C:\Windows\system32\KERNELBASE.dll
0x76e10000 - 0x76eb0000 	C:\Windows\system32\ADVAPI32.dll
0x76d60000 - 0x76e0c000 	C:\Windows\system32\msvcrt.dll
0x770d0000 - 0x770e9000 	C:\Windows\SYSTEM32\sechost.dll
0x75530000 - 0x755d1000 	C:\Windows\system32\RPCRT4.dll
0x75460000 - 0x75529000 	C:\Windows\system32\USER32.dll
0x76360000 - 0x763ae000 	C:\Windows\system32\GDI32.dll
0x76350000 - 0x7635a000 	C:\Windows\system32\LPK.dll
0x77110000 - 0x771ad000 	C:\Windows\system32\USP10.dll
0x73dd0000 - 0x73f6e000 	C:\Windows\WinSxS\x86_microsoft.windows.common-controls_6595b64144ccf1df_6.0.7601.17514_none_41e6975e2bd6f2b2\COMCTL32.dll
0x76c80000 - 0x76cd7000 	C:\Windows\system32\SHLWAPI.dll
0x770f0000 - 0x7710f000 	C:\Windows\system32\IMM32.DLL
0x76eb0000 - 0x76f7c000 	C:\Windows\system32\MSCTF.dll
0x68fb0000 - 0x6906e000 	C:\Program Files\Java\jre7\bin\msvcr100.dll
0x601e0000 - 0x6052d000 	C:\Program Files\Java\jre7\bin\client\jvm.dll
0x6d8b0000 - 0x6d8b7000 	C:\Windows\system32\WSOCK32.dll
0x76560000 - 0x76595000 	C:\Windows\system32\WS2_32.dll
0x763b0000 - 0x763b6000 	C:\Windows\system32\NSI.dll
0x738d0000 - 0x73902000 	C:\Windows\system32\WINMM.dll
0x770c0000 - 0x770c5000 	C:\Windows\system32\PSAPI.DLL
0x72390000 - 0x7239c000 	C:\Program Files\Java\jre7\bin\verify.dll
0x6c9d0000 - 0x6c9f0000 	C:\Program Files\Java\jre7\bin\java.dll
0x6be40000 - 0x6be53000 	C:\Program Files\Java\jre7\bin\zip.dll
0x6c5e0000 - 0x6c6cb000 	C:\Windows\system32\dbghelp.dll

VM Arguments:
jvm_args: -Dfile.encoding=GBK -Xbootclasspath:C:\adt-bundle-windows-x86\sdk\platforms\android-8\android.jar 
java_command: com.webdisk.mail.CS_console_new
Launcher Type: SUN_STANDARD

Environment Variables:
PATH=C:/Program Files/Java/jre7/bin/client;C:/Program Files/Java/jre7/bin;C:/Program Files/Java/jre7/lib/i386;C:\Windows\system32;C:\Windows;C:\Windows\System32\Wbem;C:\Windows\System32\WindowsPowerShell\v1.0\;C:\Program Files\Subversion\bin;C:\Program Files\TortoiseSVN\bin;C:\Program Files\eclipse;
USERNAME=ZhangBoxuan
OS=Windows_NT
PROCESSOR_IDENTIFIER=x86 Family 6 Model 23 Stepping 10, GenuineIntel



---------------  S Y S T E M  ---------------

OS: Windows 7 Build 7601 Service Pack 1

CPU:total 2 (2 cores per cpu, 1 threads per core) family 6 model 23 stepping 10, cmov, cx8, fxsr, mmx, sse, sse2, sse3, ssse3, sse4.1, tsc

Memory: 4k page, physical 2858772k(953920k free), swap 5715788k(2848084k free)

vm_info: Java HotSpot(TM) Client VM (23.7-b01) for windows-x86 JRE (1.7.0_13-b20), built on Jan 30 2013 10:03:58 by "java_re" with unknown MS VC++:1600

time: Mon Apr 01 11:10:39 2013
elapsed time: 0 seconds

